2022-10-08 17:04:32,153 [restartedMain] INFO  in.prasadit.Application                            - Starting Application using Java 18.0.2 on Lakshmiprasad with PID 24972 (C:\Users\prasa\Documents\workspace-spring-tool-suite-4-4.15.1.RELEASE\01_PLAN_API\target\classes started by prasa in C:\Users\prasa\Documents\workspace-spring-tool-suite-4-4.15.1.RELEASE\01_PLAN_API)
2022-10-08 17:04:32,156 [restartedMain] INFO  in.prasadit.Application                            - No active profile set, falling back to default profiles: default
2022-10-08 17:04:32,190 [restartedMain] INFO  o.s.b.d.e.DevToolsPropertyDefaultsPostProcessor    - Devtools property defaults active! Set 'spring.devtools.add-properties' to 'false' to disable
2022-10-08 17:04:32,190 [restartedMain] INFO  o.s.b.d.e.DevToolsPropertyDefaultsPostProcessor    - For additional web related logging consider setting the 'logging.level.web' property to 'DEBUG'
2022-10-08 17:04:32,631 [restartedMain] INFO  o.s.d.r.c.RepositoryConfigurationDelegate          - Bootstrapping Spring Data JPA repositories in DEFAULT mode.
2022-10-08 17:04:32,673 [restartedMain] INFO  o.s.d.r.c.RepositoryConfigurationDelegate          - Finished Spring Data repository scanning in 36 ms. Found 2 JPA repository interfaces.
2022-10-08 17:04:33,047 [restartedMain] INFO  o.s.b.w.embedded.tomcat.TomcatWebServer            - Tomcat initialized with port(s): 8080 (http)
2022-10-08 17:04:33,055 [restartedMain] INFO  o.apache.coyote.http11.Http11NioProtocol           - Initializing ProtocolHandler ["http-nio-8080"]
2022-10-08 17:04:33,056 [restartedMain] INFO  org.apache.catalina.core.StandardService           - Starting service [Tomcat]
2022-10-08 17:04:33,056 [restartedMain] INFO  org.apache.catalina.core.StandardEngine            - Starting Servlet engine: [Apache Tomcat/9.0.53]
2022-10-08 17:04:33,208 [restartedMain] INFO  o.a.c.c.C.[Tomcat].[localhost].[/]                 - Initializing Spring embedded WebApplicationContext
2022-10-08 17:04:33,208 [restartedMain] INFO  o.s.b.w.s.c.ServletWebServerApplicationContext     - Root WebApplicationContext: initialization completed in 1017 ms
2022-10-08 17:04:33,231 [restartedMain] INFO  com.zaxxer.hikari.HikariDataSource                 - HikariPool-1 - Starting...
2022-10-08 17:04:33,477 [restartedMain] INFO  com.zaxxer.hikari.HikariDataSource                 - HikariPool-1 - Start completed.
2022-10-08 17:04:33,482 [restartedMain] INFO  o.s.b.a.h2.H2ConsoleAutoConfiguration              - H2 console available at '/h2-console'. Database available at 'jdbc:mysql://localhost:3306/planapi'
2022-10-08 17:04:33,585 [restartedMain] INFO  o.hibernate.jpa.internal.util.LogHelper            - HHH000204: Processing PersistenceUnitInfo [name: default]
2022-10-08 17:04:33,622 [restartedMain] INFO  org.hibernate.Version                              - HHH000412: Hibernate ORM core version 5.4.32.Final
2022-10-08 17:04:33,723 [restartedMain] INFO  org.hibernate.annotations.common.Version           - HCANN000001: Hibernate Commons Annotations {5.1.2.Final}
2022-10-08 17:04:33,809 [restartedMain] INFO  org.hibernate.dialect.Dialect                      - HHH000400: Using dialect: org.hibernate.dialect.MySQL8Dialect
2022-10-08 17:04:34,236 [restartedMain] INFO  o.h.e.t.j.p.i.JtaPlatformInitiator                 - HHH000490: Using JtaPlatform implementation: [org.hibernate.engine.transaction.jta.platform.internal.NoJtaPlatform]
2022-10-08 17:04:34,242 [restartedMain] INFO  o.s.o.j.LocalContainerEntityManagerFactoryBean     - Initialized JPA EntityManagerFactory for persistence unit 'default'
2022-10-08 17:04:34,452 [restartedMain] WARN  o.s.b.a.o.j.JpaBaseConfiguration$JpaWebConfiguration - spring.jpa.open-in-view is enabled by default. Therefore, database queries may be performed during view rendering. Explicitly configure spring.jpa.open-in-view to disable this warning
2022-10-08 17:04:34,672 [restartedMain] INFO  o.s.b.d.a.OptionalLiveReloadServer                 - LiveReload server is running on port 35729
2022-10-08 17:04:34,683 [restartedMain] INFO  o.apache.coyote.http11.Http11NioProtocol           - Starting ProtocolHandler ["http-nio-8080"]
2022-10-08 17:04:34,698 [restartedMain] INFO  o.s.b.w.embedded.tomcat.TomcatWebServer            - Tomcat started on port(s): 8080 (http) with context path ''
2022-10-08 17:04:34,705 [restartedMain] INFO  in.prasadit.Application                            - Started Application in 2.782 seconds (JVM running for 3.466)
2022-10-08 17:05:56,627 [http-nio-8080-exec-1] INFO  o.a.c.c.C.[Tomcat].[localhost].[/]                 - Initializing Spring DispatcherServlet 'dispatcherServlet'
2022-10-08 17:05:56,628 [http-nio-8080-exec-1] INFO  o.s.web.servlet.DispatcherServlet                  - Initializing Servlet 'dispatcherServlet'
2022-10-08 17:05:56,629 [http-nio-8080-exec-1] INFO  o.s.web.servlet.DispatcherServlet                  - Completed initialization in 1 ms
2022-10-08 17:05:56,649 [http-nio-8080-exec-1] INFO  in.prasadit.rest.PlanRestController                - plan category is started
2022-10-08 17:13:17,522 [Thread-5] INFO  o.s.o.j.LocalContainerEntityManagerFactoryBean     - Closing JPA EntityManagerFactory for persistence unit 'default'
2022-10-08 17:13:17,525 [Thread-5] INFO  com.zaxxer.hikari.HikariDataSource                 - HikariPool-1 - Shutdown initiated...
2022-10-08 17:13:17,529 [Thread-5] INFO  com.zaxxer.hikari.HikariDataSource                 - HikariPool-1 - Shutdown completed.
2022-10-08 17:13:28,940 [restartedMain] INFO  in.prasadit.Application                            - Starting Application using Java 18.0.2 on Lakshmiprasad with PID 24972 (C:\Users\prasa\Documents\workspace-spring-tool-suite-4-4.15.1.RELEASE\01_PLAN_API\target\classes started by prasa in C:\Users\prasa\Documents\workspace-spring-tool-suite-4-4.15.1.RELEASE\01_PLAN_API)
2022-10-08 17:13:28,940 [restartedMain] INFO  in.prasadit.Application                            - No active profile set, falling back to default profiles: default
2022-10-08 17:13:29,041 [restartedMain] INFO  o.s.d.r.c.RepositoryConfigurationDelegate          - Bootstrapping Spring Data JPA repositories in DEFAULT mode.
2022-10-08 17:13:29,042 [restartedMain] INFO  o.s.d.r.c.RepositoryConfigurationDelegate          - Finished Spring Data repository scanning in 0 ms. Found 0 JPA repository interfaces.
2022-10-08 17:13:29,083 [restartedMain] INFO  o.s.b.w.embedded.tomcat.TomcatWebServer            - Tomcat initialized with port(s): 8080 (http)
2022-10-08 17:13:29,083 [restartedMain] INFO  org.apache.catalina.core.StandardService           - Starting service [Tomcat]
2022-10-08 17:13:29,083 [restartedMain] INFO  org.apache.catalina.core.StandardEngine            - Starting Servlet engine: [Apache Tomcat/9.0.53]
2022-10-08 17:13:29,101 [restartedMain] INFO  o.a.c.c.C.[Tomcat].[localhost].[/]                 - Initializing Spring embedded WebApplicationContext
2022-10-08 17:13:29,101 [restartedMain] INFO  o.s.b.w.s.c.ServletWebServerApplicationContext     - Root WebApplicationContext: initialization completed in 159 ms
2022-10-08 17:13:29,109 [restartedMain] INFO  com.zaxxer.hikari.HikariDataSource                 - HikariPool-3 - Starting...
2022-10-08 17:13:29,124 [restartedMain] INFO  com.zaxxer.hikari.HikariDataSource                 - HikariPool-3 - Start completed.
2022-10-08 17:13:29,124 [restartedMain] INFO  o.s.b.a.h2.H2ConsoleAutoConfiguration              - H2 console available at '/h2-console'. Database available at 'jdbc:mysql://localhost:3306/planapi'
2022-10-08 17:13:29,138 [restartedMain] INFO  o.hibernate.jpa.internal.util.LogHelper            - HHH000204: Processing PersistenceUnitInfo [name: default]
2022-10-08 17:13:29,141 [restartedMain] INFO  org.hibernate.dialect.Dialect                      - HHH000400: Using dialect: org.hibernate.dialect.MySQL8Dialect
2022-10-08 17:13:29,153 [restartedMain] INFO  o.h.e.t.j.p.i.JtaPlatformInitiator                 - HHH000490: Using JtaPlatform implementation: [org.hibernate.engine.transaction.jta.platform.internal.NoJtaPlatform]
2022-10-08 17:13:29,153 [restartedMain] INFO  o.s.o.j.LocalContainerEntityManagerFactoryBean     - Initialized JPA EntityManagerFactory for persistence unit 'default'
2022-10-08 17:13:29,165 [restartedMain] WARN  o.s.b.a.o.j.JpaBaseConfiguration$JpaWebConfiguration - spring.jpa.open-in-view is enabled by default. Therefore, database queries may be performed during view rendering. Explicitly configure spring.jpa.open-in-view to disable this warning
2022-10-08 17:13:29,214 [restartedMain] INFO  o.s.b.d.a.OptionalLiveReloadServer                 - LiveReload server is running on port 35729
2022-10-08 17:13:29,221 [restartedMain] INFO  o.s.b.w.embedded.tomcat.TomcatWebServer            - Tomcat started on port(s): 8080 (http) with context path ''
2022-10-08 17:13:29,224 [restartedMain] INFO  in.prasadit.Application                            - Started Application in 0.31 seconds (JVM running for 537.985)
2022-10-08 17:13:29,225 [restartedMain] INFO  o.s.b.d.a.ConditionEvaluationDeltaLoggingListener  - Condition evaluation unchanged
2022-10-08 17:13:33,729 [Thread-11] INFO  o.s.o.j.LocalContainerEntityManagerFactoryBean     - Closing JPA EntityManagerFactory for persistence unit 'default'
2022-10-08 17:13:33,730 [Thread-11] INFO  com.zaxxer.hikari.HikariDataSource                 - HikariPool-3 - Shutdown initiated...
2022-10-08 17:13:33,732 [Thread-11] INFO  com.zaxxer.hikari.HikariDataSource                 - HikariPool-3 - Shutdown completed.
2022-10-08 17:13:33,789 [restartedMain] INFO  in.prasadit.Application                            - Starting Application using Java 18.0.2 on Lakshmiprasad with PID 24972 (C:\Users\prasa\Documents\workspace-spring-tool-suite-4-4.15.1.RELEASE\01_PLAN_API\target\classes started by prasa in C:\Users\prasa\Documents\workspace-spring-tool-suite-4-4.15.1.RELEASE\01_PLAN_API)
2022-10-08 17:13:33,789 [restartedMain] INFO  in.prasadit.Application                            - No active profile set, falling back to default profiles: default
2022-10-08 17:13:33,896 [restartedMain] INFO  o.s.d.r.c.RepositoryConfigurationDelegate          - Bootstrapping Spring Data JPA repositories in DEFAULT mode.
2022-10-08 17:13:33,907 [restartedMain] INFO  o.s.d.r.c.RepositoryConfigurationDelegate          - Finished Spring Data repository scanning in 10 ms. Found 2 JPA repository interfaces.
2022-10-08 17:13:33,957 [restartedMain] INFO  o.s.b.w.embedded.tomcat.TomcatWebServer            - Tomcat initialized with port(s): 8080 (http)
2022-10-08 17:13:33,959 [restartedMain] INFO  org.apache.catalina.core.StandardService           - Starting service [Tomcat]
2022-10-08 17:13:33,959 [restartedMain] INFO  org.apache.catalina.core.StandardEngine            - Starting Servlet engine: [Apache Tomcat/9.0.53]
2022-10-08 17:13:33,975 [restartedMain] INFO  o.a.c.c.C.[Tomcat].[localhost].[/]                 - Initializing Spring embedded WebApplicationContext
2022-10-08 17:13:33,976 [restartedMain] INFO  o.s.b.w.s.c.ServletWebServerApplicationContext     - Root WebApplicationContext: initialization completed in 185 ms
2022-10-08 17:13:33,983 [restartedMain] INFO  com.zaxxer.hikari.HikariDataSource                 - HikariPool-4 - Starting...
2022-10-08 17:13:33,996 [restartedMain] INFO  com.zaxxer.hikari.HikariDataSource                 - HikariPool-4 - Start completed.
2022-10-08 17:13:33,996 [restartedMain] INFO  o.s.b.a.h2.H2ConsoleAutoConfiguration              - H2 console available at '/h2-console'. Database available at 'jdbc:mysql://localhost:3306/planapi'
2022-10-08 17:13:34,010 [restartedMain] INFO  o.hibernate.jpa.internal.util.LogHelper            - HHH000204: Processing PersistenceUnitInfo [name: default]
2022-10-08 17:13:34,015 [restartedMain] INFO  org.hibernate.dialect.Dialect                      - HHH000400: Using dialect: org.hibernate.dialect.MySQL8Dialect
2022-10-08 17:13:34,049 [restartedMain] INFO  o.h.e.t.j.p.i.JtaPlatformInitiator                 - HHH000490: Using JtaPlatform implementation: [org.hibernate.engine.transaction.jta.platform.internal.NoJtaPlatform]
2022-10-08 17:13:34,050 [restartedMain] INFO  o.s.o.j.LocalContainerEntityManagerFactoryBean     - Initialized JPA EntityManagerFactory for persistence unit 'default'
2022-10-08 17:13:34,102 [restartedMain] WARN  o.s.b.a.o.j.JpaBaseConfiguration$JpaWebConfiguration - spring.jpa.open-in-view is enabled by default. Therefore, database queries may be performed during view rendering. Explicitly configure spring.jpa.open-in-view to disable this warning
2022-10-08 17:13:34,154 [restartedMain] INFO  o.s.b.d.a.OptionalLiveReloadServer                 - LiveReload server is running on port 35729
2022-10-08 17:13:34,160 [restartedMain] INFO  o.s.b.w.embedded.tomcat.TomcatWebServer            - Tomcat started on port(s): 8080 (http) with context path ''
2022-10-08 17:13:34,163 [restartedMain] INFO  in.prasadit.Application                            - Started Application in 0.397 seconds (JVM running for 542.925)
2022-10-08 17:13:34,164 [restartedMain] INFO  o.s.b.d.a.ConditionEvaluationDeltaLoggingListener  - Condition evaluation unchanged
2022-10-08 17:13:43,425 [main] INFO  o.s.b.t.c.SpringBootTestContextBootstrapper        - Neither @ContextConfiguration nor @ContextHierarchy found for test class [in.prasadit.ApplicationTests], using SpringBootContextLoader
2022-10-08 17:13:43,429 [main] INFO  o.s.t.c.support.AbstractContextLoader              - Could not detect default resource locations for test class [in.prasadit.ApplicationTests]: no resource found for suffixes {-context.xml, Context.groovy}.
2022-10-08 17:13:43,429 [main] INFO  o.s.t.c.s.AnnotationConfigContextLoaderUtils       - Could not detect default configuration classes for test class [in.prasadit.ApplicationTests]: ApplicationTests does not declare any static, non-private, non-final, nested classes annotated with @Configuration.
2022-10-08 17:13:43,505 [main] INFO  o.s.b.t.c.SpringBootTestContextBootstrapper        - Found @SpringBootConfiguration in.prasadit.Application for test class in.prasadit.ApplicationTests
2022-10-08 17:13:43,578 [main] INFO  o.s.b.t.c.SpringBootTestContextBootstrapper        - Loaded default TestExecutionListener class names from location [META-INF/spring.factories]: [org.springframework.boot.test.mock.mockito.MockitoTestExecutionListener, org.springframework.boot.test.mock.mockito.ResetMocksTestExecutionListener, org.springframework.boot.test.autoconfigure.restdocs.RestDocsTestExecutionListener, org.springframework.boot.test.autoconfigure.web.client.MockRestServiceServerResetTestExecutionListener, org.springframework.boot.test.autoconfigure.web.servlet.MockMvcPrintOnlyOnFailureTestExecutionListener, org.springframework.boot.test.autoconfigure.web.servlet.WebDriverTestExecutionListener, org.springframework.boot.test.autoconfigure.webservices.client.MockWebServiceServerTestExecutionListener, org.springframework.test.context.web.ServletTestExecutionListener, org.springframework.test.context.support.DirtiesContextBeforeModesTestExecutionListener, org.springframework.test.context.event.ApplicationEventsTestExecutionListener, org.springframework.test.context.support.DependencyInjectionTestExecutionListener, org.springframework.test.context.support.DirtiesContextTestExecutionListener, org.springframework.test.context.transaction.TransactionalTestExecutionListener, org.springframework.test.context.jdbc.SqlScriptsTestExecutionListener, org.springframework.test.context.event.EventPublishingTestExecutionListener]
2022-10-08 17:13:43,591 [main] INFO  o.s.b.t.c.SpringBootTestContextBootstrapper        - Using TestExecutionListeners: [org.springframework.test.context.web.ServletTestExecutionListener@7c1e2a2d, org.springframework.test.context.support.DirtiesContextBeforeModesTestExecutionListener@333dd51e, org.springframework.test.context.event.ApplicationEventsTestExecutionListener@52d645b1, org.springframework.boot.test.mock.mockito.MockitoTestExecutionListener@2101b44a, org.springframework.boot.test.autoconfigure.SpringBootDependencyInjectionTestExecutionListener@2cc3ad05, org.springframework.test.context.support.DirtiesContextTestExecutionListener@710b18a6, org.springframework.test.context.transaction.TransactionalTestExecutionListener@119020fb, org.springframework.test.context.jdbc.SqlScriptsTestExecutionListener@3d9f6567, org.springframework.test.context.event.EventPublishingTestExecutionListener@c055c54, org.springframework.boot.test.mock.mockito.ResetMocksTestExecutionListener@25e2ab5a, org.springframework.boot.test.autoconfigure.restdocs.RestDocsTestExecutionListener@35e5d0e5, org.springframework.boot.test.autoconfigure.web.client.MockRestServiceServerResetTestExecutionListener@73173f63, org.springframework.boot.test.autoconfigure.web.servlet.MockMvcPrintOnlyOnFailureTestExecutionListener@55562aa9, org.springframework.boot.test.autoconfigure.web.servlet.WebDriverTestExecutionListener@655ef322, org.springframework.boot.test.autoconfigure.webservices.client.MockWebServiceServerTestExecutionListener@7e276594]
2022-10-08 17:13:43,799 [main] INFO  in.prasadit.ApplicationTests                       - Starting ApplicationTests using Java 18.0.2 on Lakshmiprasad with PID 19796 (started by prasa in C:\Users\prasa\Documents\workspace-spring-tool-suite-4-4.15.1.RELEASE\01_PLAN_API)
2022-10-08 17:13:43,800 [main] INFO  in.prasadit.ApplicationTests                       - No active profile set, falling back to default profiles: default
2022-10-08 17:13:44,244 [main] INFO  o.s.d.r.c.RepositoryConfigurationDelegate          - Bootstrapping Spring Data JPA repositories in DEFAULT mode.
2022-10-08 17:13:44,294 [main] INFO  o.s.d.r.c.RepositoryConfigurationDelegate          - Finished Spring Data repository scanning in 45 ms. Found 2 JPA repository interfaces.
2022-10-08 17:13:44,689 [main] INFO  o.hibernate.jpa.internal.util.LogHelper            - HHH000204: Processing PersistenceUnitInfo [name: default]
2022-10-08 17:13:44,733 [main] INFO  org.hibernate.Version                              - HHH000412: Hibernate ORM core version 5.4.32.Final
2022-10-08 17:13:44,839 [main] INFO  org.hibernate.annotations.common.Version           - HCANN000001: Hibernate Commons Annotations {5.1.2.Final}
2022-10-08 17:13:44,963 [main] INFO  com.zaxxer.hikari.HikariDataSource                 - HikariPool-1 - Starting...
2022-10-08 17:13:45,236 [main] INFO  com.zaxxer.hikari.HikariDataSource                 - HikariPool-1 - Start completed.
2022-10-08 17:13:45,261 [main] INFO  org.hibernate.dialect.Dialect                      - HHH000400: Using dialect: org.hibernate.dialect.MySQL8Dialect
2022-10-08 17:13:45,726 [main] INFO  o.h.e.t.j.p.i.JtaPlatformInitiator                 - HHH000490: Using JtaPlatform implementation: [org.hibernate.engine.transaction.jta.platform.internal.NoJtaPlatform]
2022-10-08 17:13:45,731 [main] INFO  o.s.o.j.LocalContainerEntityManagerFactoryBean     - Initialized JPA EntityManagerFactory for persistence unit 'default'
2022-10-08 17:13:46,111 [main] WARN  o.s.b.a.o.j.JpaBaseConfiguration$JpaWebConfiguration - spring.jpa.open-in-view is enabled by default. Therefore, database queries may be performed during view rendering. Explicitly configure spring.jpa.open-in-view to disable this warning
2022-10-08 17:13:46,511 [main] INFO  in.prasadit.ApplicationTests                       - Started ApplicationTests in 2.889 seconds (JVM running for 4.499)
2022-10-08 17:13:46,651 [SpringApplicationShutdownHook] INFO  o.s.o.j.LocalContainerEntityManagerFactoryBean     - Closing JPA EntityManagerFactory for persistence unit 'default'
2022-10-08 17:13:46,653 [SpringApplicationShutdownHook] INFO  com.zaxxer.hikari.HikariDataSource                 - HikariPool-1 - Shutdown initiated...
2022-10-08 17:13:46,659 [SpringApplicationShutdownHook] INFO  com.zaxxer.hikari.HikariDataSource                 - HikariPool-1 - Shutdown completed.
